<?xml version="1.0" encoding="UTF-8"?>
<!-- Generated by org.testng.reporters.JUnitReportReporter -->
<testsuite hostname="ASUS" name="Utilities.BrowserSetup" tests="1" failures="0" timestamp="4 Nov 2017 22:29:26 GMT" time="3.217" errors="0">
  <testcase name="testGooglePageTitleInIEBrowser" time="3.217" classname="Utilities.BrowserSetup"/>
</testsuite> <!-- Utilities.BrowserSetup -->
